<?xml version="1.0" encoding="utf-8"?><testsuites><testsuite name="pytest" errors="0" failures="0" skipped="0" tests="21" time="0.202" timestamp="2024-11-28T19:47:04.128840-05:00" hostname="DESKTOP-VVM9BUF"><testcase classname="tests.test_account_manager" name="test_get_account_balances_success" time="0.102" /><testcase classname="tests.test_account_manager" name="test_get_account_balances_no_user" time="0.001" /><testcase classname="tests.test_account_manager" name="test_update_balances_success" time="0.002" /><testcase classname="tests.test_account_manager" name="test_update_balances_insufficient_funds" time="0.002" /><testcase classname="tests.test_account_manager" name="test_update_balances_no_account" time="0.001" /><testcase classname="tests.test_account_manager" name="test_update_balances_database_error" time="0.001" /><testcase classname="tests.test_account_manager" name="test_update_balances_print_messages" time="0.002" /><testcase classname="tests.test_account_manager" name="test_get_account_balances_handles_none_cursor_conn" time="0.001" /><testcase classname="tests.test_currency_manager" name="test_convert_currency_success" time="0.001" /><testcase classname="tests.test_currency_manager" name="test_convert_currency_unknown_origin_currency" time="0.001" /><testcase classname="tests.test_currency_manager" name="test_convert_currency_unknown_destination_currency" time="0.000" /><testcase classname="tests.test_currency_manager" name="test_convert_currency_negative_amount" time="0.000" /><testcase classname="tests.test_currency_manager" name="test_convert_currency_zero_amount" time="0.000" /><testcase classname="tests.test_integration" name="test_complete_transaction_flow" time="0.002" /><testcase classname="tests.test_integration" name="test_get_user_transactions_after_transaction" time="0.001" /><testcase classname="tests.test_transaction_manager" name="test_register_transaction_success" time="0.001" /><testcase classname="tests.test_transaction_manager" name="test_register_transaction_database_error" time="0.002" /><testcase classname="tests.test_transaction_manager" name="test_get_user_transactions_success" time="0.001" /><testcase classname="tests.test_transaction_manager" name="test_get_user_transactions_database_error" time="0.001" /><testcase classname="tests.test_user_manager" name="test_index" time="0.009" /><testcase classname="tests.test_user_manager" name="test_login" time="0.002" /></testsuite></testsuites>